2021-02-03 16:40:56 - PHP Warning:  mkdir(): File exists in C:\xampp\htdocs\opencart-3.0.3.7\system\storage\vendor\twig\twig\src\Cache\FilesystemCache.php on line 54
2021-02-03 16:40:57 - PHP Warning:  mkdir(): File exists in C:\xampp\htdocs\opencart-3.0.3.7\system\storage\vendor\twig\twig\src\Cache\FilesystemCache.php on line 54
2021-02-03 16:40:57 - PHP Warning:  rename(C:\xampp\htdocs\opencart-3.0.3.7\system\storage\cache\template\8e\8ed56BE.tmp,C:/xampp/htdocs/opencart-3.0.3.7/system/storage/cache/template/8e/8edb4e13672148a4bfb8122120a41208f54697d1edf35b52dbf811fe4899533b.php): Access is denied (code: 5) in C:\xampp\htdocs\opencart-3.0.3.7\system\storage\vendor\twig\twig\src\Cache\FilesystemCache.php on line 65
2021-02-04 11:06:50 - PHP Warning:  mail(): Failed to connect to mailserver at &quot;localhost&quot; port 25, verify your &quot;SMTP&quot; and &quot;smtp_port&quot; setting in php.ini or use ini_set() in C:\xampp\htdocs\opencart-3.0.3.7\system\library\mail\mail.php on line 77
2021-02-04 11:07:16 - PHP Warning:  mail(): Failed to connect to mailserver at &quot;localhost&quot; port 25, verify your &quot;SMTP&quot; and &quot;smtp_port&quot; setting in php.ini or use ini_set() in C:\xampp\htdocs\opencart-3.0.3.7\system\library\mail\mail.php on line 77
2021-02-04 11:07:18 - PHP Warning:  mail(): Failed to connect to mailserver at &quot;localhost&quot; port 25, verify your &quot;SMTP&quot; and &quot;smtp_port&quot; setting in php.ini or use ini_set() in C:\xampp\htdocs\opencart-3.0.3.7\system\library\mail\mail.php on line 77
2021-06-29 9:59:54 - PHP Warning:  mysqli::query(): (HY000/1036): Table 'C:\xamp_latest\tmp\#sql26e0_e6_14.MAI' is read only in C:\xamp_latest\htdocs\Glamour\system\library\db\mysqli.php on line 19
2021-06-29 10:01:14 - PHP Warning:  mysqli::query(): (HY000/1036): Table 'C:\xamp_latest\tmp\#sql26e0_ea_a.MAI' is read only in C:\xamp_latest\htdocs\Glamour\system\library\db\mysqli.php on line 19
2021-06-29 10:20:08 - PHP Warning:  mysqli::query(): (HY000/1036): Table 'C:\xamp_latest\tmp\#sql26e0_ef_a.MAI' is read only in C:\xamp_latest\htdocs\Glamour\system\library\db\mysqli.php on line 19
2021-06-29 10:20:11 - PHP Warning:  mysqli::query(): (HY000/6): Error on delete of 'C:\xamp_latest\tmp\#sql26e0_f0_e.MAD' (Errcode: 13 &quot;Permission denied&quot;) in C:\xamp_latest\htdocs\Glamour\system\library\db\mysqli.php on line 19
2021-06-29 10:21:09 - PHP Warning:  mysqli::query(): (HY000/6): Error on delete of 'C:\xamp_latest\tmp\#sql26e0_f2_c.MAD' (Errcode: 13 &quot;Permission denied&quot;) in C:\xamp_latest\htdocs\Glamour\system\library\db\mysqli.php on line 19
2021-06-29 11:21:34 - PHP Warning:  mysqli::query(): (HY000/1036): Table 'C:\xamp_latest\tmp\#sql26e0_121_c.MAI' is read only in C:\xamp_latest\htdocs\Glamour\system\library\db\mysqli.php on line 19
2021-06-29 11:31:36 - PHP Warning:  mysqli::query(): (HY000/1036): Table 'C:\xamp_latest\tmp\#sql26e0_12b_c.MAI' is read only in C:\xamp_latest\htdocs\Glamour\system\library\db\mysqli.php on line 19
2021-06-29 11:33:00 - PHP Warning:  mysqli::query(): (HY000/1036): Table 'C:\xamp_latest\tmp\#sql26e0_12d_28.MAI' is read only in C:\xamp_latest\htdocs\Glamour\system\library\db\mysqli.php on line 19
2021-06-29 11:33:04 - PHP Warning:  mysqli::query(): (HY000/1036): Table 'C:\xamp_latest\tmp\#sql26e0_12e_b.MAI' is read only in C:\xamp_latest\htdocs\Glamour\system\library\db\mysqli.php on line 19
2021-06-29 11:33:46 - PHP Warning:  mysqli::query(): (HY000/29): File 'C:\xamp_latest\tmp\#sql26e0_130_11.MAD' not found (Errcode: 13 &quot;Permission denied&quot;) in C:\xamp_latest\htdocs\Glamour\system\library\db\mysqli.php on line 19
2021-06-29 11:40:09 - PHP Warning:  mysqli::query(): (HY000/6): Error on delete of 'C:\xamp_latest\tmp\#sql26e0_13a_b.MAI' (Errcode: 13 &quot;Permission denied&quot;) in C:\xamp_latest\htdocs\Glamour\system\library\db\mysqli.php on line 19
2021-06-29 11:44:36 - PHP Warning:  mysqli::query(): (HY000/1036): Table 'C:\xamp_latest\tmp\#sql26e0_13f_c.MAI' is read only in C:\xamp_latest\htdocs\Glamour\system\library\db\mysqli.php on line 19
2021-06-29 11:44:45 - PHP Warning:  mysqli::query(): (HY000/1036): Table 'C:\xamp_latest\tmp\#sql26e0_140_c.MAI' is read only in C:\xamp_latest\htdocs\Glamour\system\library\db\mysqli.php on line 19
2021-06-29 11:57:14 - PHP Notice:  Undefined index: titlecolor in C:\xamp_latest\htdocs\Glamour\admin\controller\extension\module\ishislider.php on line 134
2021-06-29 11:57:14 - PHP Notice:  Undefined index: subtitle in C:\xamp_latest\htdocs\Glamour\admin\controller\extension\module\ishislider.php on line 135
2021-06-29 11:57:14 - PHP Notice:  Undefined index: subtitlecolor in C:\xamp_latest\htdocs\Glamour\admin\controller\extension\module\ishislider.php on line 136
2021-06-29 11:57:14 - PHP Notice:  Undefined index: description in C:\xamp_latest\htdocs\Glamour\admin\controller\extension\module\ishislider.php on line 137
2021-06-29 11:57:14 - PHP Notice:  Undefined index: descriptioncolor in C:\xamp_latest\htdocs\Glamour\admin\controller\extension\module\ishislider.php on line 138
2021-06-29 11:57:14 - PHP Notice:  Undefined index: btntext in C:\xamp_latest\htdocs\Glamour\admin\controller\extension\module\ishislider.php on line 139
2021-06-29 11:57:14 - PHP Notice:  Undefined index: textalignment in C:\xamp_latest\htdocs\Glamour\admin\controller\extension\module\ishislider.php on line 140
2021-06-29 11:57:14 - PHP Notice:  Undefined index: textposition in C:\xamp_latest\htdocs\Glamour\admin\controller\extension\module\ishislider.php on line 141
2021-06-29 11:57:14 - PHP Notice:  Undefined index: titlecolor in C:\xamp_latest\htdocs\Glamour\admin\controller\extension\module\ishislider.php on line 134
2021-06-29 11:57:14 - PHP Notice:  Undefined index: subtitle in C:\xamp_latest\htdocs\Glamour\admin\controller\extension\module\ishislider.php on line 135
2021-06-29 11:57:14 - PHP Notice:  Undefined index: subtitlecolor in C:\xamp_latest\htdocs\Glamour\admin\controller\extension\module\ishislider.php on line 136
2021-06-29 11:57:14 - PHP Notice:  Undefined index: description in C:\xamp_latest\htdocs\Glamour\admin\controller\extension\module\ishislider.php on line 137
2021-06-29 11:57:14 - PHP Notice:  Undefined index: descriptioncolor in C:\xamp_latest\htdocs\Glamour\admin\controller\extension\module\ishislider.php on line 138
2021-06-29 11:57:14 - PHP Notice:  Undefined index: btntext in C:\xamp_latest\htdocs\Glamour\admin\controller\extension\module\ishislider.php on line 139
2021-06-29 11:57:14 - PHP Notice:  Undefined index: textalignment in C:\xamp_latest\htdocs\Glamour\admin\controller\extension\module\ishislider.php on line 140
2021-06-29 11:57:14 - PHP Notice:  Undefined index: textposition in C:\xamp_latest\htdocs\Glamour\admin\controller\extension\module\ishislider.php on line 141
2021-06-29 11:57:14 - PHP Notice:  Undefined index: titlecolor in C:\xamp_latest\htdocs\Glamour\admin\controller\extension\module\ishislider.php on line 134
2021-06-29 11:57:14 - PHP Notice:  Undefined index: subtitle in C:\xamp_latest\htdocs\Glamour\admin\controller\extension\module\ishislider.php on line 135
2021-06-29 11:57:14 - PHP Notice:  Undefined index: subtitlecolor in C:\xamp_latest\htdocs\Glamour\admin\controller\extension\module\ishislider.php on line 136
2021-06-29 11:57:14 - PHP Notice:  Undefined index: description in C:\xamp_latest\htdocs\Glamour\admin\controller\extension\module\ishislider.php on line 137
2021-06-29 11:57:14 - PHP Notice:  Undefined index: descriptioncolor in C:\xamp_latest\htdocs\Glamour\admin\controller\extension\module\ishislider.php on line 138
2021-06-29 11:57:14 - PHP Notice:  Undefined index: btntext in C:\xamp_latest\htdocs\Glamour\admin\controller\extension\module\ishislider.php on line 139
2021-06-29 11:57:14 - PHP Notice:  Undefined index: textalignment in C:\xamp_latest\htdocs\Glamour\admin\controller\extension\module\ishislider.php on line 140
2021-06-29 11:57:14 - PHP Notice:  Undefined index: textposition in C:\xamp_latest\htdocs\Glamour\admin\controller\extension\module\ishislider.php on line 141
2021-06-29 11:57:14 - PHP Notice:  Undefined index: titlecolor in C:\xamp_latest\htdocs\Glamour\admin\controller\extension\module\ishislider.php on line 134
2021-06-29 11:57:14 - PHP Notice:  Undefined index: subtitle in C:\xamp_latest\htdocs\Glamour\admin\controller\extension\module\ishislider.php on line 135
2021-06-29 11:57:14 - PHP Notice:  Undefined index: subtitlecolor in C:\xamp_latest\htdocs\Glamour\admin\controller\extension\module\ishislider.php on line 136
2021-06-29 11:57:14 - PHP Notice:  Undefined index: description in C:\xamp_latest\htdocs\Glamour\admin\controller\extension\module\ishislider.php on line 137
2021-06-29 11:57:14 - PHP Notice:  Undefined index: descriptioncolor in C:\xamp_latest\htdocs\Glamour\admin\controller\extension\module\ishislider.php on line 138
2021-06-29 11:57:14 - PHP Notice:  Undefined index: btntext in C:\xamp_latest\htdocs\Glamour\admin\controller\extension\module\ishislider.php on line 139
2021-06-29 11:57:14 - PHP Notice:  Undefined index: textalignment in C:\xamp_latest\htdocs\Glamour\admin\controller\extension\module\ishislider.php on line 140
2021-06-29 11:57:14 - PHP Notice:  Undefined index: textposition in C:\xamp_latest\htdocs\Glamour\admin\controller\extension\module\ishislider.php on line 141
2021-06-29 11:57:26 - PHP Notice:  Undefined index: titlecolor in C:\xamp_latest\htdocs\Glamour\admin\controller\extension\module\ishislider.php on line 134
2021-06-29 11:57:26 - PHP Notice:  Undefined index: subtitle in C:\xamp_latest\htdocs\Glamour\admin\controller\extension\module\ishislider.php on line 135
2021-06-29 11:57:26 - PHP Notice:  Undefined index: subtitlecolor in C:\xamp_latest\htdocs\Glamour\admin\controller\extension\module\ishislider.php on line 136
2021-06-29 11:57:26 - PHP Notice:  Undefined index: description in C:\xamp_latest\htdocs\Glamour\admin\controller\extension\module\ishislider.php on line 137
2021-06-29 11:57:26 - PHP Notice:  Undefined index: descriptioncolor in C:\xamp_latest\htdocs\Glamour\admin\controller\extension\module\ishislider.php on line 138
2021-06-29 11:57:26 - PHP Notice:  Undefined index: btntext in C:\xamp_latest\htdocs\Glamour\admin\controller\extension\module\ishislider.php on line 139
2021-06-29 11:57:26 - PHP Notice:  Undefined index: textalignment in C:\xamp_latest\htdocs\Glamour\admin\controller\extension\module\ishislider.php on line 140
2021-06-29 11:57:26 - PHP Notice:  Undefined index: textposition in C:\xamp_latest\htdocs\Glamour\admin\controller\extension\module\ishislider.php on line 141
2021-06-29 11:57:26 - PHP Notice:  Undefined index: titlecolor in C:\xamp_latest\htdocs\Glamour\admin\controller\extension\module\ishislider.php on line 134
2021-06-29 11:57:26 - PHP Notice:  Undefined index: subtitle in C:\xamp_latest\htdocs\Glamour\admin\controller\extension\module\ishislider.php on line 135
2021-06-29 11:57:26 - PHP Notice:  Undefined index: subtitlecolor in C:\xamp_latest\htdocs\Glamour\admin\controller\extension\module\ishislider.php on line 136
2021-06-29 11:57:26 - PHP Notice:  Undefined index: description in C:\xamp_latest\htdocs\Glamour\admin\controller\extension\module\ishislider.php on line 137
2021-06-29 11:57:26 - PHP Notice:  Undefined index: descriptioncolor in C:\xamp_latest\htdocs\Glamour\admin\controller\extension\module\ishislider.php on line 138
2021-06-29 11:57:26 - PHP Notice:  Undefined index: btntext in C:\xamp_latest\htdocs\Glamour\admin\controller\extension\module\ishislider.php on line 139
2021-06-29 11:57:26 - PHP Notice:  Undefined index: textalignment in C:\xamp_latest\htdocs\Glamour\admin\controller\extension\module\ishislider.php on line 140
2021-06-29 11:57:26 - PHP Notice:  Undefined index: textposition in C:\xamp_latest\htdocs\Glamour\admin\controller\extension\module\ishislider.php on line 141
2021-06-29 11:57:26 - PHP Notice:  Undefined index: titlecolor in C:\xamp_latest\htdocs\Glamour\admin\controller\extension\module\ishislider.php on line 134
2021-06-29 11:57:26 - PHP Notice:  Undefined index: subtitle in C:\xamp_latest\htdocs\Glamour\admin\controller\extension\module\ishislider.php on line 135
2021-06-29 11:57:26 - PHP Notice:  Undefined index: subtitlecolor in C:\xamp_latest\htdocs\Glamour\admin\controller\extension\module\ishislider.php on line 136
2021-06-29 11:57:26 - PHP Notice:  Undefined index: description in C:\xamp_latest\htdocs\Glamour\admin\controller\extension\module\ishislider.php on line 137
2021-06-29 11:57:26 - PHP Notice:  Undefined index: descriptioncolor in C:\xamp_latest\htdocs\Glamour\admin\controller\extension\module\ishislider.php on line 138
2021-06-29 11:57:26 - PHP Notice:  Undefined index: btntext in C:\xamp_latest\htdocs\Glamour\admin\controller\extension\module\ishislider.php on line 139
2021-06-29 11:57:26 - PHP Notice:  Undefined index: textalignment in C:\xamp_latest\htdocs\Glamour\admin\controller\extension\module\ishislider.php on line 140
2021-06-29 11:57:26 - PHP Notice:  Undefined index: textposition in C:\xamp_latest\htdocs\Glamour\admin\controller\extension\module\ishislider.php on line 141
2021-06-29 11:57:26 - PHP Notice:  Undefined index: titlecolor in C:\xamp_latest\htdocs\Glamour\admin\controller\extension\module\ishislider.php on line 134
2021-06-29 11:57:26 - PHP Notice:  Undefined index: subtitle in C:\xamp_latest\htdocs\Glamour\admin\controller\extension\module\ishislider.php on line 135
2021-06-29 11:57:26 - PHP Notice:  Undefined index: subtitlecolor in C:\xamp_latest\htdocs\Glamour\admin\controller\extension\module\ishislider.php on line 136
2021-06-29 11:57:26 - PHP Notice:  Undefined index: description in C:\xamp_latest\htdocs\Glamour\admin\controller\extension\module\ishislider.php on line 137
2021-06-29 11:57:26 - PHP Notice:  Undefined index: descriptioncolor in C:\xamp_latest\htdocs\Glamour\admin\controller\extension\module\ishislider.php on line 138
2021-06-29 11:57:26 - PHP Notice:  Undefined index: btntext in C:\xamp_latest\htdocs\Glamour\admin\controller\extension\module\ishislider.php on line 139
2021-06-29 11:57:26 - PHP Notice:  Undefined index: textalignment in C:\xamp_latest\htdocs\Glamour\admin\controller\extension\module\ishislider.php on line 140
2021-06-29 11:57:26 - PHP Notice:  Undefined index: textposition in C:\xamp_latest\htdocs\Glamour\admin\controller\extension\module\ishislider.php on line 141
2021-06-29 12:14:18 - PHP Notice:  Undefined index: descriptioncolor in C:\xamp_latest\htdocs\Glamour\catalog\controller\extension\module\ishislider.php on line 25
2021-06-29 12:14:18 - PHP Notice:  Undefined index: titlecolor in C:\xamp_latest\htdocs\Glamour\catalog\controller\extension\module\ishislider.php on line 29
2021-06-29 12:14:18 - PHP Notice:  Undefined index: subtitle in C:\xamp_latest\htdocs\Glamour\catalog\controller\extension\module\ishislider.php on line 30
2021-06-29 12:14:18 - PHP Notice:  Undefined index: subtitlecolor in C:\xamp_latest\htdocs\Glamour\catalog\controller\extension\module\ishislider.php on line 31
2021-06-29 12:14:18 - PHP Notice:  Undefined index: description in C:\xamp_latest\htdocs\Glamour\catalog\controller\extension\module\ishislider.php on line 32
2021-06-29 12:14:18 - PHP Notice:  Undefined index: descriptioncolor in C:\xamp_latest\htdocs\Glamour\catalog\controller\extension\module\ishislider.php on line 33
2021-06-29 12:14:18 - PHP Notice:  Undefined index: btntext in C:\xamp_latest\htdocs\Glamour\catalog\controller\extension\module\ishislider.php on line 34
2021-06-29 12:14:18 - PHP Notice:  Undefined index: textalignment in C:\xamp_latest\htdocs\Glamour\catalog\controller\extension\module\ishislider.php on line 35
2021-06-29 12:14:18 - PHP Notice:  Undefined index: textposition in C:\xamp_latest\htdocs\Glamour\catalog\controller\extension\module\ishislider.php on line 36
2021-06-29 12:14:18 - PHP Notice:  Undefined index: btntext in C:\xamp_latest\htdocs\Glamour\catalog\controller\extension\module\ishislider.php on line 37
2021-06-29 12:14:18 - PHP Notice:  Undefined index: descriptioncolor in C:\xamp_latest\htdocs\Glamour\catalog\controller\extension\module\ishislider.php on line 25
2021-06-29 12:14:18 - PHP Notice:  Undefined index: titlecolor in C:\xamp_latest\htdocs\Glamour\catalog\controller\extension\module\ishislider.php on line 29
2021-06-29 12:14:18 - PHP Notice:  Undefined index: subtitle in C:\xamp_latest\htdocs\Glamour\catalog\controller\extension\module\ishislider.php on line 30
2021-06-29 12:14:18 - PHP Notice:  Undefined index: subtitlecolor in C:\xamp_latest\htdocs\Glamour\catalog\controller\extension\module\ishislider.php on line 31
2021-06-29 12:14:18 - PHP Notice:  Undefined index: description in C:\xamp_latest\htdocs\Glamour\catalog\controller\extension\module\ishislider.php on line 32
2021-06-29 12:14:18 - PHP Notice:  Undefined index: descriptioncolor in C:\xamp_latest\htdocs\Glamour\catalog\controller\extension\module\ishislider.php on line 33
2021-06-29 12:14:18 - PHP Notice:  Undefined index: btntext in C:\xamp_latest\htdocs\Glamour\catalog\controller\extension\module\ishislider.php on line 34
2021-06-29 12:14:18 - PHP Notice:  Undefined index: textalignment in C:\xamp_latest\htdocs\Glamour\catalog\controller\extension\module\ishislider.php on line 35
2021-06-29 12:14:18 - PHP Notice:  Undefined index: textposition in C:\xamp_latest\htdocs\Glamour\catalog\controller\extension\module\ishislider.php on line 36
2021-06-29 12:14:18 - PHP Notice:  Undefined index: btntext in C:\xamp_latest\htdocs\Glamour\catalog\controller\extension\module\ishislider.php on line 37
2021-06-30 3:58:46 - PHP Notice:  Undefined index: descriptioncolor in C:\xamp_latest\htdocs\Glamour\catalog\controller\extension\module\ishislider.php on line 25
2021-06-30 3:58:46 - PHP Notice:  Undefined index: titlecolor in C:\xamp_latest\htdocs\Glamour\catalog\controller\extension\module\ishislider.php on line 29
2021-06-30 3:58:46 - PHP Notice:  Undefined index: subtitle in C:\xamp_latest\htdocs\Glamour\catalog\controller\extension\module\ishislider.php on line 30
2021-06-30 3:58:46 - PHP Notice:  Undefined index: subtitlecolor in C:\xamp_latest\htdocs\Glamour\catalog\controller\extension\module\ishislider.php on line 31
2021-06-30 3:58:46 - PHP Notice:  Undefined index: description in C:\xamp_latest\htdocs\Glamour\catalog\controller\extension\module\ishislider.php on line 32
2021-06-30 3:58:46 - PHP Notice:  Undefined index: descriptioncolor in C:\xamp_latest\htdocs\Glamour\catalog\controller\extension\module\ishislider.php on line 33
2021-06-30 3:58:46 - PHP Notice:  Undefined index: btntext in C:\xamp_latest\htdocs\Glamour\catalog\controller\extension\module\ishislider.php on line 34
2021-06-30 3:58:46 - PHP Notice:  Undefined index: textalignment in C:\xamp_latest\htdocs\Glamour\catalog\controller\extension\module\ishislider.php on line 35
2021-06-30 3:58:46 - PHP Notice:  Undefined index: textposition in C:\xamp_latest\htdocs\Glamour\catalog\controller\extension\module\ishislider.php on line 36
2021-06-30 3:58:46 - PHP Notice:  Undefined index: btntext in C:\xamp_latest\htdocs\Glamour\catalog\controller\extension\module\ishislider.php on line 37
2021-06-30 3:58:47 - PHP Notice:  Undefined index: descriptioncolor in C:\xamp_latest\htdocs\Glamour\catalog\controller\extension\module\ishislider.php on line 25
2021-06-30 3:58:47 - PHP Notice:  Undefined index: titlecolor in C:\xamp_latest\htdocs\Glamour\catalog\controller\extension\module\ishislider.php on line 29
2021-06-30 3:58:47 - PHP Notice:  Undefined index: subtitle in C:\xamp_latest\htdocs\Glamour\catalog\controller\extension\module\ishislider.php on line 30
2021-06-30 3:58:47 - PHP Notice:  Undefined index: subtitlecolor in C:\xamp_latest\htdocs\Glamour\catalog\controller\extension\module\ishislider.php on line 31
2021-06-30 3:58:47 - PHP Notice:  Undefined index: description in C:\xamp_latest\htdocs\Glamour\catalog\controller\extension\module\ishislider.php on line 32
2021-06-30 3:58:47 - PHP Notice:  Undefined index: descriptioncolor in C:\xamp_latest\htdocs\Glamour\catalog\controller\extension\module\ishislider.php on line 33
2021-06-30 3:58:47 - PHP Notice:  Undefined index: btntext in C:\xamp_latest\htdocs\Glamour\catalog\controller\extension\module\ishislider.php on line 34
2021-06-30 3:58:47 - PHP Notice:  Undefined index: textalignment in C:\xamp_latest\htdocs\Glamour\catalog\controller\extension\module\ishislider.php on line 35
2021-06-30 3:58:47 - PHP Notice:  Undefined index: textposition in C:\xamp_latest\htdocs\Glamour\catalog\controller\extension\module\ishislider.php on line 36
2021-06-30 3:58:48 - PHP Notice:  Undefined index: btntext in C:\xamp_latest\htdocs\Glamour\catalog\controller\extension\module\ishislider.php on line 37
2021-06-30 4:02:18 - PHP Notice:  Undefined index: descriptioncolor in C:\xamp_latest\htdocs\Glamour\catalog\controller\extension\module\ishislider.php on line 25
2021-06-30 4:02:18 - PHP Notice:  Undefined index: titlecolor in C:\xamp_latest\htdocs\Glamour\catalog\controller\extension\module\ishislider.php on line 29
2021-06-30 4:02:18 - PHP Notice:  Undefined index: subtitle in C:\xamp_latest\htdocs\Glamour\catalog\controller\extension\module\ishislider.php on line 30
2021-06-30 4:02:18 - PHP Notice:  Undefined index: subtitlecolor in C:\xamp_latest\htdocs\Glamour\catalog\controller\extension\module\ishislider.php on line 31
2021-06-30 4:02:18 - PHP Notice:  Undefined index: description in C:\xamp_latest\htdocs\Glamour\catalog\controller\extension\module\ishislider.php on line 32
2021-06-30 4:02:18 - PHP Notice:  Undefined index: descriptioncolor in C:\xamp_latest\htdocs\Glamour\catalog\controller\extension\module\ishislider.php on line 33
2021-06-30 4:02:18 - PHP Notice:  Undefined index: btntext in C:\xamp_latest\htdocs\Glamour\catalog\controller\extension\module\ishislider.php on line 34
2021-06-30 4:02:18 - PHP Notice:  Undefined index: textalignment in C:\xamp_latest\htdocs\Glamour\catalog\controller\extension\module\ishislider.php on line 35
2021-06-30 4:02:18 - PHP Notice:  Undefined index: textposition in C:\xamp_latest\htdocs\Glamour\catalog\controller\extension\module\ishislider.php on line 36
2021-06-30 4:02:18 - PHP Notice:  Undefined index: btntext in C:\xamp_latest\htdocs\Glamour\catalog\controller\extension\module\ishislider.php on line 37
2021-06-30 4:02:18 - PHP Notice:  Undefined index: descriptioncolor in C:\xamp_latest\htdocs\Glamour\catalog\controller\extension\module\ishislider.php on line 25
2021-06-30 4:02:18 - PHP Notice:  Undefined index: titlecolor in C:\xamp_latest\htdocs\Glamour\catalog\controller\extension\module\ishislider.php on line 29
2021-06-30 4:02:18 - PHP Notice:  Undefined index: subtitle in C:\xamp_latest\htdocs\Glamour\catalog\controller\extension\module\ishislider.php on line 30
2021-06-30 4:02:18 - PHP Notice:  Undefined index: subtitlecolor in C:\xamp_latest\htdocs\Glamour\catalog\controller\extension\module\ishislider.php on line 31
2021-06-30 4:02:18 - PHP Notice:  Undefined index: description in C:\xamp_latest\htdocs\Glamour\catalog\controller\extension\module\ishislider.php on line 32
2021-06-30 4:02:18 - PHP Notice:  Undefined index: descriptioncolor in C:\xamp_latest\htdocs\Glamour\catalog\controller\extension\module\ishislider.php on line 33
2021-06-30 4:02:18 - PHP Notice:  Undefined index: btntext in C:\xamp_latest\htdocs\Glamour\catalog\controller\extension\module\ishislider.php on line 34
2021-06-30 4:02:18 - PHP Notice:  Undefined index: textalignment in C:\xamp_latest\htdocs\Glamour\catalog\controller\extension\module\ishislider.php on line 35
2021-06-30 4:02:18 - PHP Notice:  Undefined index: textposition in C:\xamp_latest\htdocs\Glamour\catalog\controller\extension\module\ishislider.php on line 36
2021-06-30 4:02:18 - PHP Notice:  Undefined index: btntext in C:\xamp_latest\htdocs\Glamour\catalog\controller\extension\module\ishislider.php on line 37
2021-06-30 4:02:35 - PHP Notice:  Undefined index: titlecolor in C:\xamp_latest\htdocs\Glamour\admin\controller\extension\module\ishislider.php on line 134
2021-06-30 4:02:35 - PHP Notice:  Undefined index: subtitle in C:\xamp_latest\htdocs\Glamour\admin\controller\extension\module\ishislider.php on line 135
2021-06-30 4:02:35 - PHP Notice:  Undefined index: subtitlecolor in C:\xamp_latest\htdocs\Glamour\admin\controller\extension\module\ishislider.php on line 136
2021-06-30 4:02:35 - PHP Notice:  Undefined index: description in C:\xamp_latest\htdocs\Glamour\admin\controller\extension\module\ishislider.php on line 137
2021-06-30 4:02:35 - PHP Notice:  Undefined index: descriptioncolor in C:\xamp_latest\htdocs\Glamour\admin\controller\extension\module\ishislider.php on line 138
2021-06-30 4:02:35 - PHP Notice:  Undefined index: btntext in C:\xamp_latest\htdocs\Glamour\admin\controller\extension\module\ishislider.php on line 139
2021-06-30 4:02:35 - PHP Notice:  Undefined index: textalignment in C:\xamp_latest\htdocs\Glamour\admin\controller\extension\module\ishislider.php on line 140
2021-06-30 4:02:35 - PHP Notice:  Undefined index: textposition in C:\xamp_latest\htdocs\Glamour\admin\controller\extension\module\ishislider.php on line 141
2021-06-30 4:02:35 - PHP Notice:  Undefined index: titlecolor in C:\xamp_latest\htdocs\Glamour\admin\controller\extension\module\ishislider.php on line 134
2021-06-30 4:02:35 - PHP Notice:  Undefined index: subtitle in C:\xamp_latest\htdocs\Glamour\admin\controller\extension\module\ishislider.php on line 135
2021-06-30 4:02:35 - PHP Notice:  Undefined index: subtitlecolor in C:\xamp_latest\htdocs\Glamour\admin\controller\extension\module\ishislider.php on line 136
2021-06-30 4:02:35 - PHP Notice:  Undefined index: description in C:\xamp_latest\htdocs\Glamour\admin\controller\extension\module\ishislider.php on line 137
2021-06-30 4:02:35 - PHP Notice:  Undefined index: descriptioncolor in C:\xamp_latest\htdocs\Glamour\admin\controller\extension\module\ishislider.php on line 138
2021-06-30 4:02:35 - PHP Notice:  Undefined index: btntext in C:\xamp_latest\htdocs\Glamour\admin\controller\extension\module\ishislider.php on line 139
2021-06-30 4:02:35 - PHP Notice:  Undefined index: textalignment in C:\xamp_latest\htdocs\Glamour\admin\controller\extension\module\ishislider.php on line 140
2021-06-30 4:02:35 - PHP Notice:  Undefined index: textposition in C:\xamp_latest\htdocs\Glamour\admin\controller\extension\module\ishislider.php on line 141
2021-06-30 4:02:35 - PHP Notice:  Undefined index: titlecolor in C:\xamp_latest\htdocs\Glamour\admin\controller\extension\module\ishislider.php on line 134
2021-06-30 4:02:35 - PHP Notice:  Undefined index: subtitle in C:\xamp_latest\htdocs\Glamour\admin\controller\extension\module\ishislider.php on line 135
2021-06-30 4:02:35 - PHP Notice:  Undefined index: subtitlecolor in C:\xamp_latest\htdocs\Glamour\admin\controller\extension\module\ishislider.php on line 136
2021-06-30 4:02:35 - PHP Notice:  Undefined index: description in C:\xamp_latest\htdocs\Glamour\admin\controller\extension\module\ishislider.php on line 137
2021-06-30 4:02:35 - PHP Notice:  Undefined index: descriptioncolor in C:\xamp_latest\htdocs\Glamour\admin\controller\extension\module\ishislider.php on line 138
2021-06-30 4:02:35 - PHP Notice:  Undefined index: btntext in C:\xamp_latest\htdocs\Glamour\admin\controller\extension\module\ishislider.php on line 139
2021-06-30 4:02:35 - PHP Notice:  Undefined index: textalignment in C:\xamp_latest\htdocs\Glamour\admin\controller\extension\module\ishislider.php on line 140
2021-06-30 4:02:35 - PHP Notice:  Undefined index: textposition in C:\xamp_latest\htdocs\Glamour\admin\controller\extension\module\ishislider.php on line 141
2021-06-30 4:02:35 - PHP Notice:  Undefined index: titlecolor in C:\xamp_latest\htdocs\Glamour\admin\controller\extension\module\ishislider.php on line 134
2021-06-30 4:02:35 - PHP Notice:  Undefined index: subtitle in C:\xamp_latest\htdocs\Glamour\admin\controller\extension\module\ishislider.php on line 135
2021-06-30 4:02:35 - PHP Notice:  Undefined index: subtitlecolor in C:\xamp_latest\htdocs\Glamour\admin\controller\extension\module\ishislider.php on line 136
2021-06-30 4:02:35 - PHP Notice:  Undefined index: description in C:\xamp_latest\htdocs\Glamour\admin\controller\extension\module\ishislider.php on line 137
2021-06-30 4:02:35 - PHP Notice:  Undefined index: descriptioncolor in C:\xamp_latest\htdocs\Glamour\admin\controller\extension\module\ishislider.php on line 138
2021-06-30 4:02:35 - PHP Notice:  Undefined index: btntext in C:\xamp_latest\htdocs\Glamour\admin\controller\extension\module\ishislider.php on line 139
2021-06-30 4:02:35 - PHP Notice:  Undefined index: textalignment in C:\xamp_latest\htdocs\Glamour\admin\controller\extension\module\ishislider.php on line 140
2021-06-30 4:02:35 - PHP Notice:  Undefined index: textposition in C:\xamp_latest\htdocs\Glamour\admin\controller\extension\module\ishislider.php on line 141
2021-06-30 4:05:05 - PHP Notice:  Undefined index: titlecolor in C:\xamp_latest\htdocs\Glamour\admin\controller\extension\module\ishislider.php on line 134
2021-06-30 4:05:05 - PHP Notice:  Undefined index: subtitle in C:\xamp_latest\htdocs\Glamour\admin\controller\extension\module\ishislider.php on line 135
2021-06-30 4:05:05 - PHP Notice:  Undefined index: subtitlecolor in C:\xamp_latest\htdocs\Glamour\admin\controller\extension\module\ishislider.php on line 136
2021-06-30 4:05:05 - PHP Notice:  Undefined index: description in C:\xamp_latest\htdocs\Glamour\admin\controller\extension\module\ishislider.php on line 137
2021-06-30 4:05:05 - PHP Notice:  Undefined index: descriptioncolor in C:\xamp_latest\htdocs\Glamour\admin\controller\extension\module\ishislider.php on line 138
2021-06-30 4:05:05 - PHP Notice:  Undefined index: btntext in C:\xamp_latest\htdocs\Glamour\admin\controller\extension\module\ishislider.php on line 139
2021-06-30 4:05:05 - PHP Notice:  Undefined index: textalignment in C:\xamp_latest\htdocs\Glamour\admin\controller\extension\module\ishislider.php on line 140
2021-06-30 4:05:05 - PHP Notice:  Undefined index: textposition in C:\xamp_latest\htdocs\Glamour\admin\controller\extension\module\ishislider.php on line 141
2021-06-30 4:05:05 - PHP Notice:  Undefined index: titlecolor in C:\xamp_latest\htdocs\Glamour\admin\controller\extension\module\ishislider.php on line 134
2021-06-30 4:05:05 - PHP Notice:  Undefined index: subtitle in C:\xamp_latest\htdocs\Glamour\admin\controller\extension\module\ishislider.php on line 135
2021-06-30 4:05:05 - PHP Notice:  Undefined index: subtitlecolor in C:\xamp_latest\htdocs\Glamour\admin\controller\extension\module\ishislider.php on line 136
2021-06-30 4:05:05 - PHP Notice:  Undefined index: description in C:\xamp_latest\htdocs\Glamour\admin\controller\extension\module\ishislider.php on line 137
2021-06-30 4:05:05 - PHP Notice:  Undefined index: descriptioncolor in C:\xamp_latest\htdocs\Glamour\admin\controller\extension\module\ishislider.php on line 138
2021-06-30 4:05:05 - PHP Notice:  Undefined index: btntext in C:\xamp_latest\htdocs\Glamour\admin\controller\extension\module\ishislider.php on line 139
2021-06-30 4:05:05 - PHP Notice:  Undefined index: textalignment in C:\xamp_latest\htdocs\Glamour\admin\controller\extension\module\ishislider.php on line 140
2021-06-30 4:05:05 - PHP Notice:  Undefined index: textposition in C:\xamp_latest\htdocs\Glamour\admin\controller\extension\module\ishislider.php on line 141
2021-06-30 4:05:05 - PHP Notice:  Undefined index: titlecolor in C:\xamp_latest\htdocs\Glamour\admin\controller\extension\module\ishislider.php on line 134
2021-06-30 4:05:05 - PHP Notice:  Undefined index: subtitle in C:\xamp_latest\htdocs\Glamour\admin\controller\extension\module\ishislider.php on line 135
2021-06-30 4:05:05 - PHP Notice:  Undefined index: subtitlecolor in C:\xamp_latest\htdocs\Glamour\admin\controller\extension\module\ishislider.php on line 136
2021-06-30 4:05:05 - PHP Notice:  Undefined index: description in C:\xamp_latest\htdocs\Glamour\admin\controller\extension\module\ishislider.php on line 137
2021-06-30 4:05:05 - PHP Notice:  Undefined index: descriptioncolor in C:\xamp_latest\htdocs\Glamour\admin\controller\extension\module\ishislider.php on line 138
2021-06-30 4:05:05 - PHP Notice:  Undefined index: btntext in C:\xamp_latest\htdocs\Glamour\admin\controller\extension\module\ishislider.php on line 139
2021-06-30 4:05:05 - PHP Notice:  Undefined index: textalignment in C:\xamp_latest\htdocs\Glamour\admin\controller\extension\module\ishislider.php on line 140
2021-06-30 4:05:05 - PHP Notice:  Undefined index: textposition in C:\xamp_latest\htdocs\Glamour\admin\controller\extension\module\ishislider.php on line 141
2021-06-30 4:05:05 - PHP Notice:  Undefined index: titlecolor in C:\xamp_latest\htdocs\Glamour\admin\controller\extension\module\ishislider.php on line 134
2021-06-30 4:05:05 - PHP Notice:  Undefined index: subtitle in C:\xamp_latest\htdocs\Glamour\admin\controller\extension\module\ishislider.php on line 135
2021-06-30 4:05:05 - PHP Notice:  Undefined index: subtitlecolor in C:\xamp_latest\htdocs\Glamour\admin\controller\extension\module\ishislider.php on line 136
2021-06-30 4:05:05 - PHP Notice:  Undefined index: description in C:\xamp_latest\htdocs\Glamour\admin\controller\extension\module\ishislider.php on line 137
2021-06-30 4:05:05 - PHP Notice:  Undefined index: descriptioncolor in C:\xamp_latest\htdocs\Glamour\admin\controller\extension\module\ishislider.php on line 138
2021-06-30 4:05:05 - PHP Notice:  Undefined index: btntext in C:\xamp_latest\htdocs\Glamour\admin\controller\extension\module\ishislider.php on line 139
2021-06-30 4:05:05 - PHP Notice:  Undefined index: textalignment in C:\xamp_latest\htdocs\Glamour\admin\controller\extension\module\ishislider.php on line 140
2021-06-30 4:05:05 - PHP Notice:  Undefined index: textposition in C:\xamp_latest\htdocs\Glamour\admin\controller\extension\module\ishislider.php on line 141
2021-06-30 4:10:43 - PHP Notice:  Undefined index: titlecolor in C:\xamp_latest\htdocs\Glamour\admin\controller\extension\module\ishislider.php on line 134
2021-06-30 4:10:43 - PHP Notice:  Undefined index: subtitle in C:\xamp_latest\htdocs\Glamour\admin\controller\extension\module\ishislider.php on line 135
2021-06-30 4:10:43 - PHP Notice:  Undefined index: subtitlecolor in C:\xamp_latest\htdocs\Glamour\admin\controller\extension\module\ishislider.php on line 136
2021-06-30 4:10:43 - PHP Notice:  Undefined index: description in C:\xamp_latest\htdocs\Glamour\admin\controller\extension\module\ishislider.php on line 137
2021-06-30 4:10:43 - PHP Notice:  Undefined index: descriptioncolor in C:\xamp_latest\htdocs\Glamour\admin\controller\extension\module\ishislider.php on line 138
2021-06-30 4:10:43 - PHP Notice:  Undefined index: btntext in C:\xamp_latest\htdocs\Glamour\admin\controller\extension\module\ishislider.php on line 139
2021-06-30 4:10:43 - PHP Notice:  Undefined index: textalignment in C:\xamp_latest\htdocs\Glamour\admin\controller\extension\module\ishislider.php on line 140
2021-06-30 4:10:43 - PHP Notice:  Undefined index: textposition in C:\xamp_latest\htdocs\Glamour\admin\controller\extension\module\ishislider.php on line 141
2021-06-30 4:10:43 - PHP Notice:  Undefined index: titlecolor in C:\xamp_latest\htdocs\Glamour\admin\controller\extension\module\ishislider.php on line 134
2021-06-30 4:10:43 - PHP Notice:  Undefined index: subtitle in C:\xamp_latest\htdocs\Glamour\admin\controller\extension\module\ishislider.php on line 135
2021-06-30 4:10:43 - PHP Notice:  Undefined index: subtitlecolor in C:\xamp_latest\htdocs\Glamour\admin\controller\extension\module\ishislider.php on line 136
2021-06-30 4:10:43 - PHP Notice:  Undefined index: description in C:\xamp_latest\htdocs\Glamour\admin\controller\extension\module\ishislider.php on line 137
2021-06-30 4:10:43 - PHP Notice:  Undefined index: descriptioncolor in C:\xamp_latest\htdocs\Glamour\admin\controller\extension\module\ishislider.php on line 138
2021-06-30 4:10:43 - PHP Notice:  Undefined index: btntext in C:\xamp_latest\htdocs\Glamour\admin\controller\extension\module\ishislider.php on line 139
2021-06-30 4:10:43 - PHP Notice:  Undefined index: textalignment in C:\xamp_latest\htdocs\Glamour\admin\controller\extension\module\ishislider.php on line 140
2021-06-30 4:10:43 - PHP Notice:  Undefined index: textposition in C:\xamp_latest\htdocs\Glamour\admin\controller\extension\module\ishislider.php on line 141
2021-06-30 4:10:43 - PHP Notice:  Undefined index: titlecolor in C:\xamp_latest\htdocs\Glamour\admin\controller\extension\module\ishislider.php on line 134
2021-06-30 4:10:43 - PHP Notice:  Undefined index: subtitle in C:\xamp_latest\htdocs\Glamour\admin\controller\extension\module\ishislider.php on line 135
2021-06-30 4:10:43 - PHP Notice:  Undefined index: subtitlecolor in C:\xamp_latest\htdocs\Glamour\admin\controller\extension\module\ishislider.php on line 136
2021-06-30 4:10:43 - PHP Notice:  Undefined index: description in C:\xamp_latest\htdocs\Glamour\admin\controller\extension\module\ishislider.php on line 137
2021-06-30 4:10:43 - PHP Notice:  Undefined index: descriptioncolor in C:\xamp_latest\htdocs\Glamour\admin\controller\extension\module\ishislider.php on line 138
2021-06-30 4:10:43 - PHP Notice:  Undefined index: btntext in C:\xamp_latest\htdocs\Glamour\admin\controller\extension\module\ishislider.php on line 139
2021-06-30 4:10:43 - PHP Notice:  Undefined index: textalignment in C:\xamp_latest\htdocs\Glamour\admin\controller\extension\module\ishislider.php on line 140
2021-06-30 4:10:43 - PHP Notice:  Undefined index: textposition in C:\xamp_latest\htdocs\Glamour\admin\controller\extension\module\ishislider.php on line 141
2021-06-30 4:10:43 - PHP Notice:  Undefined index: titlecolor in C:\xamp_latest\htdocs\Glamour\admin\controller\extension\module\ishislider.php on line 134
2021-06-30 4:10:43 - PHP Notice:  Undefined index: subtitle in C:\xamp_latest\htdocs\Glamour\admin\controller\extension\module\ishislider.php on line 135
2021-06-30 4:10:43 - PHP Notice:  Undefined index: subtitlecolor in C:\xamp_latest\htdocs\Glamour\admin\controller\extension\module\ishislider.php on line 136
2021-06-30 4:10:43 - PHP Notice:  Undefined index: description in C:\xamp_latest\htdocs\Glamour\admin\controller\extension\module\ishislider.php on line 137
2021-06-30 4:10:43 - PHP Notice:  Undefined index: descriptioncolor in C:\xamp_latest\htdocs\Glamour\admin\controller\extension\module\ishislider.php on line 138
2021-06-30 4:10:43 - PHP Notice:  Undefined index: btntext in C:\xamp_latest\htdocs\Glamour\admin\controller\extension\module\ishislider.php on line 139
2021-06-30 4:10:43 - PHP Notice:  Undefined index: textalignment in C:\xamp_latest\htdocs\Glamour\admin\controller\extension\module\ishislider.php on line 140
2021-06-30 4:10:43 - PHP Notice:  Undefined index: textposition in C:\xamp_latest\htdocs\Glamour\admin\controller\extension\module\ishislider.php on line 141
2021-07-07 4:45:02 - PHP Notice:  Undefined index: subtitle in /var/www/html/user7/OPC022/admin/controller/extension/module/ishibannerblock.php on line 189
2021-07-07 4:45:02 - PHP Warning:  Invalid argument supplied for foreach() in /var/www/html/user7/OPC022/admin/controller/extension/module/ishibannerblock.php on line 189
2021-07-07 4:45:02 - PHP Notice:  Undefined variable: subtitle in /var/www/html/user7/OPC022/admin/controller/extension/module/ishibannerblock.php on line 208
2021-07-07 4:45:02 - PHP Notice:  Undefined index: subtitle in /var/www/html/user7/OPC022/admin/controller/extension/module/ishibannerblock.php on line 189
2021-07-07 4:45:02 - PHP Warning:  Invalid argument supplied for foreach() in /var/www/html/user7/OPC022/admin/controller/extension/module/ishibannerblock.php on line 189
2021-07-07 4:45:02 - PHP Notice:  Undefined variable: subtitle in /var/www/html/user7/OPC022/admin/controller/extension/module/ishibannerblock.php on line 208
2021-07-07 4:45:02 - PHP Notice:  Undefined index: subtitle in /var/www/html/user7/OPC022/admin/controller/extension/module/ishibannerblock.php on line 189
2021-07-07 4:45:02 - PHP Warning:  Invalid argument supplied for foreach() in /var/www/html/user7/OPC022/admin/controller/extension/module/ishibannerblock.php on line 189
2021-07-07 4:45:02 - PHP Notice:  Undefined variable: subtitle in /var/www/html/user7/OPC022/admin/controller/extension/module/ishibannerblock.php on line 208
2021-07-07 7:07:03 - PHP Notice:  Undefined index: subtitle in /var/www/html/user7/OPC022/catalog/controller/extension/module/ishibannerblock.php on line 35
2021-07-07 7:08:59 - PHP Notice:  Undefined index: subtitle in /var/www/html/user7/OPC022/catalog/controller/extension/module/ishibannerblock.php on line 35
2021-07-07 7:09:12 - PHP Notice:  Undefined index: subtitle in /var/www/html/user7/OPC022/catalog/controller/extension/module/ishibannerblock.php on line 35
2021-07-07 7:09:35 - PHP Notice:  Undefined index: subtitle in /var/www/html/user7/OPC022/catalog/controller/extension/module/ishibannerblock.php on line 35
2021-07-07 7:09:38 - PHP Notice:  Undefined index: subtitle in /var/www/html/user7/OPC022/catalog/controller/extension/module/ishibannerblock.php on line 35
2021-07-07 7:10:16 - PHP Notice:  Undefined index: subtitle in /var/www/html/user7/OPC022/catalog/controller/extension/module/ishibannerblock.php on line 35
2021-07-07 7:10:42 - PHP Notice:  Undefined index: subtitle in /var/www/html/user7/OPC022/admin/controller/extension/module/ishibannerblock.php on line 181
2021-07-07 7:10:42 - PHP Warning:  Invalid argument supplied for foreach() in /var/www/html/user7/OPC022/admin/controller/extension/module/ishibannerblock.php on line 181
2021-07-07 7:10:42 - PHP Notice:  Undefined variable: subtitle in /var/www/html/user7/OPC022/admin/controller/extension/module/ishibannerblock.php on line 200
2021-07-07 8:24:29 - PHP Notice:  Undefined index: descriptioncolor in /var/www/html/user7/OPC022/catalog/controller/extension/module/ishislider.php on line 25
2021-07-07 8:24:29 - PHP Notice:  Undefined index: descriptioncolor in /var/www/html/user7/OPC022/catalog/controller/extension/module/ishislider.php on line 25
2021-07-07 8:25:52 - PHP Notice:  Undefined variable: rgb_color in /var/www/html/user7/OPC022/catalog/controller/extension/module/ishislider.php on line 34
2021-07-07 8:25:52 - PHP Notice:  Undefined variable: rgb_color in /var/www/html/user7/OPC022/catalog/controller/extension/module/ishislider.php on line 34
